<?xml version="1.0" encoding="UTF-8"?>
<!-- Generated by org.testng.reporters.JUnitReportReporter -->
<testsuite skipped="0" hostname="DESKTOP-TV7DPT6" name="StackOverflow.Question03232021" tests="1" failures="0" timestamp="2021-03-23T15:49:59 IST" time="29.958" errors="0">
  <testcase name="test" time="29.958" classname="StackOverflow.Question03232021"/>
  <system-out/>
</testsuite> <!-- StackOverflow.Question03232021 -->
