<?xml version="1.0" encoding="UTF-8"?>
<!-- Generated by org.testng.reporters.JUnitReportReporter -->
<testsuite skipped="0" hostname="DESKTOP-TV7DPT6" name="BrokenLinks" tests="1" failures="0" timestamp="2021-03-05T14:00:59 IST" time="31.228" errors="0">
  <testcase name="brokenLinks" time="31.228" classname="BrokenLinks"/>
  <system-out/>
</testsuite> <!-- BrokenLinks -->
